ERROR - 2023-09-27 14:33:10 --> Error connecting to the database: mysqli_sql_exception: No se puede establecer una conexión ya que el equipo de destino denegó expresamente dicha conexión in D:\Lizbeth Perdomo\Documents\blog2\system\Database\MySQLi\Connection.php:185
Stack trace:
#0 D:\Lizbeth Perdomo\Documents\blog2\system\Database\MySQLi\Connection.php(185): mysqli->real_connect('localhost', 'root', '', 'blog', 3307, '', 0)
#1 D:\Lizbeth Perdomo\Documents\blog2\system\Database\BaseConnection.php(391): CodeIgniter\Database\MySQLi\Connection->connect(false)
#2 D:\Lizbeth Perdomo\Documents\blog2\system\Database\BaseConnection.php(574): CodeIgniter\Database\BaseConnection->initialize()
#3 D:\Lizbeth Perdomo\Documents\blog2\app\Controllers\UserController.php(23): CodeIgniter\Database\BaseConnection->query('select * from u...')
#4 D:\Lizbeth Perdomo\Documents\blog2\system\CodeIgniter.php(919): App\Controllers\UserController->usuarios()
#5 D:\Lizbeth Perdomo\Documents\blog2\system\CodeIgniter.php(494): CodeIgniter\CodeIgniter->runController(Object(App\Controllers\UserController))
#6 D:\Lizbeth Perdomo\Documents\blog2\system\CodeIgniter.php(353): CodeIgniter\CodeIgniter->handleRequest(NULL, Object(Config\Cache), false)
#7 D:\Lizbeth Perdomo\Documents\blog2\public\index.php(79): CodeIgniter\CodeIgniter->run()
#8 D:\Lizbeth Perdomo\Documents\blog2\system\Commands\Server\rewrite.php(47): require_once('D:\\Lizbeth Perd...')
#9 {main}

Next CodeIgniter\Database\Exceptions\DatabaseException: No se puede establecer una conexión ya que el equipo de destino denegó expresamente dicha conexión in D:\Lizbeth Perdomo\Documents\blog2\system\Database\MySQLi\Connection.php:229
Stack trace:
#0 D:\Lizbeth Perdomo\Documents\blog2\system\Database\BaseConnection.php(391): CodeIgniter\Database\MySQLi\Connection->connect(false)
#1 D:\Lizbeth Perdomo\Documents\blog2\system\Database\BaseConnection.php(574): CodeIgniter\Database\BaseConnection->initialize()
#2 D:\Lizbeth Perdomo\Documents\blog2\app\Controllers\UserController.php(23): CodeIgniter\Database\BaseConnection->query('select * from u...')
#3 D:\Lizbeth Perdomo\Documents\blog2\system\CodeIgniter.php(919): App\Controllers\UserController->usuarios()
#4 D:\Lizbeth Perdomo\Documents\blog2\system\CodeIgniter.php(494): CodeIgniter\CodeIgniter->runController(Object(App\Controllers\UserController))
#5 D:\Lizbeth Perdomo\Documents\blog2\system\CodeIgniter.php(353): CodeIgniter\CodeIgniter->handleRequest(NULL, Object(Config\Cache), false)
#6 D:\Lizbeth Perdomo\Documents\blog2\public\index.php(79): CodeIgniter\CodeIgniter->run()
#7 D:\Lizbeth Perdomo\Documents\blog2\system\Commands\Server\rewrite.php(47): require_once('D:\\Lizbeth Perd...')
#8 {main}
CRITICAL - 2023-09-27 14:33:10 --> Unable to connect to the database.
Main connection [MySQLi]: No se puede establecer una conexión ya que el equipo de destino denegó expresamente dicha conexión
in SYSTEMPATH\Database\BaseConnection.php on line 427.
 1 SYSTEMPATH\Database\BaseConnection.php(574): CodeIgniter\Database\BaseConnection->initialize()
 2 APPPATH\Controllers\UserController.php(23): CodeIgniter\Database\BaseConnection->query('select * from users')
 3 SYSTEMPATH\CodeIgniter.php(919): App\Controllers\UserController->usuarios()
 4 SYSTEMPATH\CodeIgniter.php(494): CodeIgniter\CodeIgniter->runController(Object(App\Controllers\UserController))
 5 SYSTEMPATH\CodeIgniter.php(353): CodeIgniter\CodeIgniter->handleRequest(null, Object(Config\Cache), false)
 6 FCPATH\index.php(79): CodeIgniter\CodeIgniter->run()
 7 SYSTEMPATH\Commands\Server\rewrite.php(47): require_once('D:\\Lizbeth Perdomo\\Documents\\blog2\\public\\index.php')
