CRITICAL - 2023-09-26 17:01:49 --> The framework needs the following extension(s) installed and loaded: intl.
in SYSTEMPATH\CodeIgniter.php on line 246.
 1 SYSTEMPATH\CodeIgniter.php(246): CodeIgniter\Exceptions\FrameworkException::forMissingExtension('intl')
 2 SYSTEMPATH\CodeIgniter.php(210): CodeIgniter\CodeIgniter->resolvePlatformExtensions()
 3 ROOTPATH\spark(88): CodeIgniter\CodeIgniter->initialize()
CRITICAL - 2023-09-26 17:01:49 --> Uncaught Error: Class "Locale" not found in D:\Lizbeth Perdomo\Documents\blog2\system\I18n\TimeTrait.php:74
Stack trace:
#0 D:\Lizbeth Perdomo\Documents\blog2\system\I18n\TimeTrait.php(115): CodeIgniter\I18n\Time->__construct(NULL, NULL, NULL)
#1 D:\Lizbeth Perdomo\Documents\blog2\system\HTTP\ResponseTrait.php(468): CodeIgniter\I18n\Time::now()
#2 D:\Lizbeth Perdomo\Documents\blog2\system\HTTP\ResponseTrait.php(446): CodeIgniter\HTTP\Response->sendHeaders()
#3 D:\Lizbeth Perdomo\Documents\blog2\system\Debug\ExceptionHandler.php(78): CodeIgniter\HTTP\Response->send()
#4 D:\Lizbeth Perdomo\Documents\blog2\system\Debug\Exceptions.php(147): CodeIgniter\Debug\ExceptionHandler->handle(Object(CodeIgniter\Exceptions\FrameworkException), Object(CodeIgniter\HTTP\IncomingRequest), Object(CodeIgniter\HTTP\Response), 500, 1)
#5 [internal function]: CodeIgniter\Debug\Exceptions->exceptionHandler(Object(CodeIgniter\Exceptions\FrameworkException))
#6 {main}
  thrown
【Previous Exception】
CodeIgniter\Exceptions\FrameworkException
The framework needs the following extension(s) installed and loaded: intl.
#0 D:\Lizbeth Perdomo\Documents\blog2\system\CodeIgniter.php(246): CodeIgniter\Exceptions\FrameworkException::forMissingExtension('intl')
#1 D:\Lizbeth Perdomo\Documents\blog2\system\CodeIgniter.php(210): CodeIgniter\CodeIgniter->resolvePlatformExtensions()
#2 D:\Lizbeth Perdomo\Documents\blog2\spark(88): CodeIgniter\CodeIgniter->initialize()
#3 {main}
in SYSTEMPATH\I18n\TimeTrait.php on line 74.
 1 [internal function]: CodeIgniter\Debug\Exceptions->shutdownHandler()
CRITICAL - 2023-09-26 15:04:56 --> syntax error, unexpected token "}", expecting "," or ";"
in APPPATH\Controllers\UserController.php on line 10.
 1 SYSTEMPATH\Autoloader\Autoloader.php(285): CodeIgniter\Autoloader\Autoloader->includeFile('D:\\Lizbeth Perdomo\\Documents\\blog2\\app\\Controllers\\UserController.php')
 2 SYSTEMPATH\Autoloader\Autoloader.php(263): CodeIgniter\Autoloader\Autoloader->loadInNamespace('App\\Controllers\\UserController')
 3 [internal function]: CodeIgniter\Autoloader\Autoloader->loadClass('App\\Controllers\\UserController')
 4 SYSTEMPATH\CodeIgniter.php(877): class_exists('\\App\\Controllers\\UserController', true)
 5 SYSTEMPATH\CodeIgniter.php(481): CodeIgniter\CodeIgniter->startController()
 6 SYSTEMPATH\CodeIgniter.php(353): CodeIgniter\CodeIgniter->handleRequest(null, Object(Config\Cache), false)
 7 FCPATH\index.php(79): CodeIgniter\CodeIgniter->run()
 8 SYSTEMPATH\Commands\Server\rewrite.php(47): require_once('D:\\Lizbeth Perdomo\\Documents\\blog2\\public\\index.php')
ERROR - 2023-09-26 15:54:13 --> Error connecting to the database: mysqli_sql_exception: Unknown database 'blog' in D:\Lizbeth Perdomo\Documents\blog2\system\Database\MySQLi\Connection.php:185
Stack trace:
#0 D:\Lizbeth Perdomo\Documents\blog2\system\Database\MySQLi\Connection.php(185): mysqli->real_connect('localhost', 'root', '', 'blog', 3307, '', 0)
#1 D:\Lizbeth Perdomo\Documents\blog2\system\Database\BaseConnection.php(391): CodeIgniter\Database\MySQLi\Connection->connect(false)
#2 D:\Lizbeth Perdomo\Documents\blog2\system\Database\BaseConnection.php(574): CodeIgniter\Database\BaseConnection->initialize()
#3 D:\Lizbeth Perdomo\Documents\blog2\system\Database\BaseBuilder.php(1615): CodeIgniter\Database\BaseConnection->query('SELECT *\nFROM `...', Array, false)
#4 D:\Lizbeth Perdomo\Documents\blog2\system\Model.php(237): CodeIgniter\Database\BaseBuilder->get()
#5 D:\Lizbeth Perdomo\Documents\blog2\system\BaseModel.php(624): CodeIgniter\Model->doFindAll(0, 0)
#6 D:\Lizbeth Perdomo\Documents\blog2\app\Controllers\UserController.php(11): CodeIgniter\BaseModel->findAll()
#7 D:\Lizbeth Perdomo\Documents\blog2\system\CodeIgniter.php(919): App\Controllers\UserController->index()
#8 D:\Lizbeth Perdomo\Documents\blog2\system\CodeIgniter.php(494): CodeIgniter\CodeIgniter->runController(Object(App\Controllers\UserController))
#9 D:\Lizbeth Perdomo\Documents\blog2\system\CodeIgniter.php(353): CodeIgniter\CodeIgniter->handleRequest(NULL, Object(Config\Cache), false)
#10 D:\Lizbeth Perdomo\Documents\blog2\public\index.php(79): CodeIgniter\CodeIgniter->run()
#11 D:\Lizbeth Perdomo\Documents\blog2\system\Commands\Server\rewrite.php(47): require_once('D:\\Lizbeth Perd...')
#12 {main}

Next CodeIgniter\Database\Exceptions\DatabaseException: Unknown database 'blog' in D:\Lizbeth Perdomo\Documents\blog2\system\Database\MySQLi\Connection.php:229
Stack trace:
#0 D:\Lizbeth Perdomo\Documents\blog2\system\Database\BaseConnection.php(391): CodeIgniter\Database\MySQLi\Connection->connect(false)
#1 D:\Lizbeth Perdomo\Documents\blog2\system\Database\BaseConnection.php(574): CodeIgniter\Database\BaseConnection->initialize()
#2 D:\Lizbeth Perdomo\Documents\blog2\system\Database\BaseBuilder.php(1615): CodeIgniter\Database\BaseConnection->query('SELECT *\nFROM `...', Array, false)
#3 D:\Lizbeth Perdomo\Documents\blog2\system\Model.php(237): CodeIgniter\Database\BaseBuilder->get()
#4 D:\Lizbeth Perdomo\Documents\blog2\system\BaseModel.php(624): CodeIgniter\Model->doFindAll(0, 0)
#5 D:\Lizbeth Perdomo\Documents\blog2\app\Controllers\UserController.php(11): CodeIgniter\BaseModel->findAll()
#6 D:\Lizbeth Perdomo\Documents\blog2\system\CodeIgniter.php(919): App\Controllers\UserController->index()
#7 D:\Lizbeth Perdomo\Documents\blog2\system\CodeIgniter.php(494): CodeIgniter\CodeIgniter->runController(Object(App\Controllers\UserController))
#8 D:\Lizbeth Perdomo\Documents\blog2\system\CodeIgniter.php(353): CodeIgniter\CodeIgniter->handleRequest(NULL, Object(Config\Cache), false)
#9 D:\Lizbeth Perdomo\Documents\blog2\public\index.php(79): CodeIgniter\CodeIgniter->run()
#10 D:\Lizbeth Perdomo\Documents\blog2\system\Commands\Server\rewrite.php(47): require_once('D:\\Lizbeth Perd...')
#11 {main}
CRITICAL - 2023-09-26 15:54:13 --> Unable to connect to the database.
Main connection [MySQLi]: Unknown database 'blog'
in SYSTEMPATH\Database\BaseConnection.php on line 427.
 1 SYSTEMPATH\Database\BaseConnection.php(574): CodeIgniter\Database\BaseConnection->initialize()
 2 SYSTEMPATH\Database\BaseBuilder.php(1615): CodeIgniter\Database\BaseConnection->query('SELECT *
FROM `users`
WHERE `users`.`deleted_at` IS NULL', [], false)
 3 SYSTEMPATH\Model.php(237): CodeIgniter\Database\BaseBuilder->get()
 4 SYSTEMPATH\BaseModel.php(624): CodeIgniter\Model->doFindAll(0, 0)
 5 APPPATH\Controllers\UserController.php(11): CodeIgniter\BaseModel->findAll()
 6 SYSTEMPATH\CodeIgniter.php(919): App\Controllers\UserController->index()
 7 SYSTEMPATH\CodeIgniter.php(494): CodeIgniter\CodeIgniter->runController(Object(App\Controllers\UserController))
 8 SYSTEMPATH\CodeIgniter.php(353): CodeIgniter\CodeIgniter->handleRequest(null, Object(Config\Cache), false)
 9 FCPATH\index.php(79): CodeIgniter\CodeIgniter->run()
10 SYSTEMPATH\Commands\Server\rewrite.php(47): require_once('D:\\Lizbeth Perdomo\\Documents\\blog2\\public\\index.php')
