CRITICAL - 2023-10-03 16:24:31 --> The framework needs the following extension(s) installed and loaded: intl.
in SYSTEMPATH\CodeIgniter.php on line 246.
 1 SYSTEMPATH\CodeIgniter.php(246): CodeIgniter\Exceptions\FrameworkException::forMissingExtension('intl')
 2 SYSTEMPATH\CodeIgniter.php(210): CodeIgniter\CodeIgniter->resolvePlatformExtensions()
 3 ROOTPATH\spark(88): CodeIgniter\CodeIgniter->initialize()
CRITICAL - 2023-10-03 16:24:32 --> Uncaught Error: Class "Locale" not found in D:\Lizbeth Perdomo\Documents\blog2\system\I18n\TimeTrait.php:74
Stack trace:
#0 D:\Lizbeth Perdomo\Documents\blog2\system\I18n\TimeTrait.php(115): CodeIgniter\I18n\Time->__construct(NULL, NULL, NULL)
#1 D:\Lizbeth Perdomo\Documents\blog2\system\HTTP\ResponseTrait.php(468): CodeIgniter\I18n\Time::now()
#2 D:\Lizbeth Perdomo\Documents\blog2\system\HTTP\ResponseTrait.php(446): CodeIgniter\HTTP\Response->sendHeaders()
#3 D:\Lizbeth Perdomo\Documents\blog2\system\Debug\ExceptionHandler.php(78): CodeIgniter\HTTP\Response->send()
#4 D:\Lizbeth Perdomo\Documents\blog2\system\Debug\Exceptions.php(147): CodeIgniter\Debug\ExceptionHandler->handle(Object(CodeIgniter\Exceptions\FrameworkException), Object(CodeIgniter\HTTP\IncomingRequest), Object(CodeIgniter\HTTP\Response), 500, 1)
#5 [internal function]: CodeIgniter\Debug\Exceptions->exceptionHandler(Object(CodeIgniter\Exceptions\FrameworkException))
#6 {main}
  thrown
【Previous Exception】
CodeIgniter\Exceptions\FrameworkException
The framework needs the following extension(s) installed and loaded: intl.
#0 D:\Lizbeth Perdomo\Documents\blog2\system\CodeIgniter.php(246): CodeIgniter\Exceptions\FrameworkException::forMissingExtension('intl')
#1 D:\Lizbeth Perdomo\Documents\blog2\system\CodeIgniter.php(210): CodeIgniter\CodeIgniter->resolvePlatformExtensions()
#2 D:\Lizbeth Perdomo\Documents\blog2\spark(88): CodeIgniter\CodeIgniter->initialize()
#3 {main}
in SYSTEMPATH\I18n\TimeTrait.php on line 74.
 1 [internal function]: CodeIgniter\Debug\Exceptions->shutdownHandler()
ERROR - 2023-10-03 15:51:25 --> mysqli_sql_exception: Table 'blog.category' doesn't exist in D:\Lizbeth Perdomo\Documents\blog2\system\Database\MySQLi\Connection.php:306
Stack trace:
#0 D:\Lizbeth Perdomo\Documents\blog2\system\Database\MySQLi\Connection.php(306): mysqli->query('select count(*)...', 0)
#1 D:\Lizbeth Perdomo\Documents\blog2\system\Database\BaseConnection.php(692): CodeIgniter\Database\MySQLi\Connection->execute('select count(*)...')
#2 D:\Lizbeth Perdomo\Documents\blog2\system\Database\BaseConnection.php(606): CodeIgniter\Database\BaseConnection->simpleQuery('select count(*)...')
#3 D:\Lizbeth Perdomo\Documents\blog2\app\Controllers\PostController.php(28): CodeIgniter\Database\BaseConnection->query('select count(*)...')
#4 D:\Lizbeth Perdomo\Documents\blog2\system\CodeIgniter.php(919): App\Controllers\PostController->ejercicio05()
#5 D:\Lizbeth Perdomo\Documents\blog2\system\CodeIgniter.php(494): CodeIgniter\CodeIgniter->runController(Object(App\Controllers\PostController))
#6 D:\Lizbeth Perdomo\Documents\blog2\system\CodeIgniter.php(353): CodeIgniter\CodeIgniter->handleRequest(NULL, Object(Config\Cache), false)
#7 D:\Lizbeth Perdomo\Documents\blog2\public\index.php(79): CodeIgniter\CodeIgniter->run()
#8 D:\Lizbeth Perdomo\Documents\blog2\system\Commands\Server\rewrite.php(47): require_once('D:\\Lizbeth Perd...')
#9 {main}
CRITICAL - 2023-10-03 15:51:26 --> Table 'blog.category' doesn't exist
in SYSTEMPATH\Database\BaseConnection.php on line 646.
 1 APPPATH\Controllers\PostController.php(28): CodeIgniter\Database\BaseConnection->query('select count(*) from category')
 2 SYSTEMPATH\CodeIgniter.php(919): App\Controllers\PostController->ejercicio05()
 3 SYSTEMPATH\CodeIgniter.php(494): CodeIgniter\CodeIgniter->runController(Object(App\Controllers\PostController))
 4 SYSTEMPATH\CodeIgniter.php(353): CodeIgniter\CodeIgniter->handleRequest(null, Object(Config\Cache), false)
 5 FCPATH\index.php(79): CodeIgniter\CodeIgniter->run()
 6 SYSTEMPATH\Commands\Server\rewrite.php(47): require_once('D:\\Lizbeth Perdomo\\Documents\\blog2\\public\\index.php')
